<?xml version="1.0" encoding="UTF-8"?>
<testsuite name="task.CalculatorTest" tests="1" skipped="0" failures="0" errors="0" timestamp="2020-05-18T09:23:20" hostname="DESKTOP-HT4KMSG" time="0.017">
  <properties/>
  <testcase name="shouldSubtractTwoNumbers()" classname="task.CalculatorTest" time="0.017"/>
  <system-out><![CDATA[]]></system-out>
  <system-err><![CDATA[]]></system-err>
</testsuite>
